<?xml version="1.0" encoding="UTF-8"?>
<!-- Generated by org.testng.reporters.JUnitReportReporter -->
<testsuite skipped="1" hostname="L017489" name="test.TC01_color" tests="3" failures="0" timestamp="16 Mar 2020 20:38:52 GMT" time="35.220" errors="0">
  <testcase name="TC02" time="35.109" classname="test.TC01_color"/>
  <testcase name="TC01" time="0.111" classname="test.TC01_color"/>
  <testcase name="TC03" classname="test.TC01_color">
    <skipped/>
  </testcase> <!-- TC03 -->
</testsuite> <!-- test.TC01_color -->
